{"contracts/BALRewardPool.sol":{"l":{"58":111,"59":111,"60":111,"64":91,"68":46,"72":4,"76":24,"77":24,"78":24,"79":20,"80":20,"82":24,"86":55,"90":58,"91":28,"93":30,"104":33,"112":9,"113":8,"115":7,"116":7,"118":7,"128":8,"130":7,"131":7,"135":7,"136":6,"138":5,"139":5,"141":5,"142":5,"144":5,"152":5,"153":5,"154":1,"155":1,"156":1,"159":5,"167":3,"168":0,"169":0,"180":6,"182":5,"184":5,"185":3,"186":3,"187":3,"191":2,"192":2,"193":2,"195":2,"196":1,"197":1,"199":1,"201":2,"208":4,"209":4,"210":3,"212":1,"213":1,"214":1,"215":1,"217":4,"218":4,"219":4,"220":4},"path":"/Users/pia/Documents/GitHub/wncg-staking/contracts/BALRewardPool.sol","s":{"1":91,"2":46,"3":4,"4":24,"5":55,"6":58,"7":28,"8":30,"9":33,"10":9,"11":8,"12":7,"13":7,"14":7,"15":8,"16":7,"17":6,"18":5,"19":5,"20":5,"21":5,"22":5,"23":1,"24":1,"25":5,"26":3,"27":0,"28":6,"29":5,"30":3,"31":3,"32":2,"33":2,"34":2,"35":2,"36":1,"37":2,"38":4,"39":1,"40":1,"41":4},"b":{"1":[20,4],"2":[7,48],"3":[28,30],"4":[8,1],"5":[8,0],"6":[8,0],"7":[7,1],"8":[7,0],"9":[7,0],"10":[6,1],"11":[5,1],"12":[5,0],"13":[1,4],"14":[0,3],"15":[5,1],"16":[3,2],"17":[1,1],"18":[4,0],"19":[3,1]},"f":{"1":111,"2":91,"3":46,"4":4,"5":24,"6":55,"7":58,"8":33,"9":9,"10":8,"11":7,"12":5,"13":3,"14":6,"15":4},"fnMap":{"1":{"name":"constructor","line":53,"loc":{"start":{"line":53,"column":4},"end":{"line":61,"column":4}}},"2":{"name":"totalSupply","line":63,"loc":{"start":{"line":63,"column":4},"end":{"line":65,"column":4}}},"3":{"name":"balanceOf","line":67,"loc":{"start":{"line":67,"column":4},"end":{"line":69,"column":4}}},"4":{"name":"getRewardRate","line":71,"loc":{"start":{"line":71,"column":4},"end":{"line":73,"column":4}}},"5":{"name":"updateReward","line":75,"loc":{"start":{"line":75,"column":4},"end":{"line":83,"column":4}}},"6":{"name":"lastTimeRewardApplicable","line":85,"loc":{"start":{"line":85,"column":4},"end":{"line":87,"column":4}}},"7":{"name":"rewardPerToken","line":89,"loc":{"start":{"line":89,"column":4},"end":{"line":101,"column":4}}},"8":{"name":"earned","line":103,"loc":{"start":{"line":103,"column":4},"end":{"line":109,"column":4}}},"9":{"name":"stakeFor","line":111,"loc":{"start":{"line":111,"column":4},"end":{"line":119,"column":4}}},"10":{"name":"_processStake","line":127,"loc":{"start":{"line":127,"column":4},"end":{"line":132,"column":4}}},"11":{"name":"withdrawFor","line":134,"loc":{"start":{"line":134,"column":4},"end":{"line":145,"column":4}}},"12":{"name":"getReward","line":151,"loc":{"start":{"line":151,"column":4},"end":{"line":160,"column":4}}},"13":{"name":"processIdleRewards","line":166,"loc":{"start":{"line":166,"column":4},"end":{"line":171,"column":4}}},"14":{"name":"queueNewRewards","line":179,"loc":{"start":{"line":179,"column":4},"end":{"line":202,"column":4}}},"15":{"name":"notifyRewardAmount","line":206,"loc":{"start":{"line":204,"column":4},"end":{"line":221,"column":4}}}},"statementMap":{"1":{"start":{"line":64,"column":8},"end":{"line":64,"column":27}},"2":{"start":{"line":68,"column":8},"end":{"line":68,"column":34}},"3":{"start":{"line":72,"column":8},"end":{"line":72,"column":25}},"4":{"start":{"line":78,"column":8},"end":{"line":78,"column":2732}},"5":{"start":{"line":86,"column":8},"end":{"line":86,"column":78}},"6":{"start":{"line":90,"column":8},"end":{"line":90,"column":3146}},"7":{"start":{"line":91,"column":12},"end":{"line":91,"column":39}},"8":{"start":{"line":93,"column":8},"end":{"line":93,"column":3236}},"9":{"start":{"line":104,"column":8},"end":{"line":104,"column":3599}},"10":{"start":{"line":112,"column":8},"end":{"line":112,"column":53}},"11":{"start":{"line":113,"column":8},"end":{"line":113,"column":35}},"12":{"start":{"line":115,"column":8},"end":{"line":115,"column":72}},"13":{"start":{"line":116,"column":8},"end":{"line":116,"column":37}},"14":{"start":{"line":118,"column":8},"end":{"line":118,"column":19}},"15":{"start":{"line":128,"column":8},"end":{"line":128,"column":58}},"16":{"start":{"line":135,"column":8},"end":{"line":135,"column":53}},"17":{"start":{"line":136,"column":8},"end":{"line":136,"column":61}},"18":{"start":{"line":141,"column":8},"end":{"line":141,"column":53}},"19":{"start":{"line":142,"column":8},"end":{"line":142,"column":37}},"20":{"start":{"line":144,"column":8},"end":{"line":144,"column":19}},"21":{"start":{"line":152,"column":8},"end":{"line":152,"column":41}},"22":{"start":{"line":153,"column":8},"end":{"line":153,"column":5443}},"23":{"start":{"line":155,"column":12},"end":{"line":155,"column":53}},"24":{"start":{"line":156,"column":12},"end":{"line":156,"column":45}},"25":{"start":{"line":159,"column":8},"end":{"line":159,"column":19}},"26":{"start":{"line":167,"column":8},"end":{"line":167,"column":5882}},"27":{"start":{"line":168,"column":12},"end":{"line":168,"column":44}},"28":{"start":{"line":180,"column":8},"end":{"line":180,"column":53}},"29":{"start":{"line":184,"column":8},"end":{"line":184,"column":6523}},"30":{"start":{"line":185,"column":12},"end":{"line":185,"column":39}},"31":{"start":{"line":187,"column":12},"end":{"line":187,"column":23}},"32":{"start":{"line":191,"column":8},"end":{"line":191,"column":77}},"33":{"start":{"line":192,"column":8},"end":{"line":192,"column":55}},"34":{"start":{"line":193,"column":8},"end":{"line":193,"column":66}},"35":{"start":{"line":195,"column":8},"end":{"line":195,"column":6926}},"36":{"start":{"line":196,"column":12},"end":{"line":196,"column":39}},"37":{"start":{"line":201,"column":8},"end":{"line":201,"column":19}},"38":{"start":{"line":209,"column":8},"end":{"line":209,"column":7297}},"39":{"start":{"line":212,"column":12},"end":{"line":212,"column":65}},"40":{"start":{"line":213,"column":12},"end":{"line":213,"column":56}},"41":{"start":{"line":220,"column":8},"end":{"line":220,"column":33}}},"branchMap":{"1":{"line":78,"type":"if","locations":[{"start":{"line":78,"column":8},"end":{"line":78,"column":8}},{"start":{"line":78,"column":8},"end":{"line":78,"column":8}}]},"2":{"line":86,"type":"if","locations":[{"start":{"line":86,"column":48},"end":{"line":86,"column":62}},{"start":{"line":86,"column":66},"end":{"line":86,"column":77}}]},"3":{"line":90,"type":"if","locations":[{"start":{"line":90,"column":8},"end":{"line":90,"column":8}},{"start":{"line":90,"column":8},"end":{"line":90,"column":8}}]},"4":{"line":112,"type":"if","locations":[{"start":{"line":112,"column":8},"end":{"line":112,"column":8}},{"start":{"line":112,"column":8},"end":{"line":112,"column":8}}]},"5":{"line":127,"type":"if","locations":[{"start":{"line":127,"column":72},"end":{"line":127,"column":72}},{"start":{"line":127,"column":72},"end":{"line":127,"column":72}}]},"6":{"line":127,"type":"if","locations":[{"start":{"line":127,"column":85},"end":{"line":127,"column":85}},{"start":{"line":127,"column":85},"end":{"line":127,"column":85}}]},"7":{"line":128,"type":"if","locations":[{"start":{"line":128,"column":8},"end":{"line":128,"column":8}},{"start":{"line":128,"column":8},"end":{"line":128,"column":8}}]},"8":{"line":134,"type":"if","locations":[{"start":{"line":134,"column":63},"end":{"line":134,"column":63}},{"start":{"line":134,"column":63},"end":{"line":134,"column":63}}]},"9":{"line":134,"type":"if","locations":[{"start":{"line":134,"column":76},"end":{"line":134,"column":76}},{"start":{"line":134,"column":76},"end":{"line":134,"column":76}}]},"10":{"line":135,"type":"if","locations":[{"start":{"line":135,"column":8},"end":{"line":135,"column":8}},{"start":{"line":135,"column":8},"end":{"line":135,"column":8}}]},"11":{"line":136,"type":"if","locations":[{"start":{"line":136,"column":8},"end":{"line":136,"column":8}},{"start":{"line":136,"column":8},"end":{"line":136,"column":8}}]},"12":{"line":151,"type":"if","locations":[{"start":{"line":151,"column":48},"end":{"line":151,"column":48}},{"start":{"line":151,"column":48},"end":{"line":151,"column":48}}]},"13":{"line":153,"type":"if","locations":[{"start":{"line":153,"column":8},"end":{"line":153,"column":8}},{"start":{"line":153,"column":8},"end":{"line":153,"column":8}}]},"14":{"line":167,"type":"if","locations":[{"start":{"line":167,"column":8},"end":{"line":167,"column":8}},{"start":{"line":167,"column":8},"end":{"line":167,"column":8}}]},"15":{"line":180,"type":"if","locations":[{"start":{"line":180,"column":8},"end":{"line":180,"column":8}},{"start":{"line":180,"column":8},"end":{"line":180,"column":8}}]},"16":{"line":184,"type":"if","locations":[{"start":{"line":184,"column":8},"end":{"line":184,"column":8}},{"start":{"line":184,"column":8},"end":{"line":184,"column":8}}]},"17":{"line":195,"type":"if","locations":[{"start":{"line":195,"column":8},"end":{"line":195,"column":8}},{"start":{"line":195,"column":8},"end":{"line":195,"column":8}}]},"18":{"line":206,"type":"if","locations":[{"start":{"line":206,"column":8},"end":{"line":206,"column":8}},{"start":{"line":206,"column":8},"end":{"line":206,"column":8}}]},"19":{"line":209,"type":"if","locations":[{"start":{"line":209,"column":8},"end":{"line":209,"column":8}},{"start":{"line":209,"column":8},"end":{"line":209,"column":8}}]}}},"contracts/DepositToken.sol":{"l":{"13":159,"17":11,"18":10,"22":6,"23":5},"path":"/Users/pia/Documents/GitHub/wncg-staking/contracts/DepositToken.sol","s":{"1":11,"2":10,"3":6,"4":5},"b":{"1":[10,1],"2":[5,1]},"f":{"1":159,"2":11,"3":6},"fnMap":{"1":{"name":"constructor","line":12,"loc":{"start":{"line":12,"column":4},"end":{"line":14,"column":4}}},"2":{"name":"mint","line":16,"loc":{"start":{"line":16,"column":4},"end":{"line":19,"column":4}}},"3":{"name":"burn","line":21,"loc":{"start":{"line":21,"column":4},"end":{"line":24,"column":4}}}},"statementMap":{"1":{"start":{"line":17,"column":8},"end":{"line":17,"column":53}},"2":{"start":{"line":18,"column":8},"end":{"line":18,"column":26}},"3":{"start":{"line":22,"column":8},"end":{"line":22,"column":53}},"4":{"start":{"line":23,"column":8},"end":{"line":23,"column":28}}},"branchMap":{"1":{"line":17,"type":"if","locations":[{"start":{"line":17,"column":8},"end":{"line":17,"column":8}},{"start":{"line":17,"column":8},"end":{"line":17,"column":8}}]},"2":{"line":22,"type":"if","locations":[{"start":{"line":22,"column":8},"end":{"line":22,"column":8}},{"start":{"line":22,"column":8},"end":{"line":22,"column":8}}]}}},"contracts/interfaces/IBalancerGauge.sol":{"l":{},"path":"/Users/pia/Documents/GitHub/wncg-staking/contracts/interfaces/IBalancerGauge.sol","s":{},"b":{},"f":{},"fnMap":{},"statementMap":{},"branchMap":{}},"contracts/interfaces/IBalancerMinter.sol":{"l":{},"path":"/Users/pia/Documents/GitHub/wncg-staking/contracts/interfaces/IBalancerMinter.sol","s":{},"b":{},"f":{},"fnMap":{},"statementMap":{},"branchMap":{}},"contracts/interfaces/interfaces.sol":{"l":{},"path":"/Users/pia/Documents/GitHub/wncg-staking/contracts/interfaces/interfaces.sol","s":{},"b":{},"f":{},"fnMap":{},"statementMap":{},"branchMap":{}},"contracts/StakingRewards.sol":{"l":{"142":23,"143":23,"144":23,"145":23,"146":23,"147":23,"148":23,"150":23,"151":23,"152":23,"153":23,"155":23,"156":23,"157":23,"162":48,"163":35,"177":15,"178":14,"180":11,"181":11,"182":11,"183":11,"186":11,"187":11,"189":11,"203":5,"204":5,"206":5,"218":6,"219":5,"221":4,"222":4,"224":4,"236":3,"237":2,"239":1,"240":1,"242":1,"252":2,"253":2,"263":1,"264":1,"274":1,"275":1,"285":2,"286":2,"294":6,"295":5,"297":4,"298":4,"299":1,"300":1,"303":4,"304":4,"305":4,"308":4,"309":4,"311":4,"313":3,"314":3,"317":3,"318":3,"326":4,"327":2,"329":1,"330":1,"333":1,"336":1,"338":1,"347":11,"348":10,"350":7,"351":7,"352":0,"356":7,"357":7,"359":7,"360":6,"362":4,"364":4,"366":4,"367":4,"369":4,"370":2,"373":4,"375":4,"376":4,"379":4,"380":4,"384":4,"385":4,"388":4,"389":2,"392":2,"415":5,"416":5,"417":5,"420":0,"422":0,"423":0,"425":0,"430":0,"431":0,"433":0,"438":0,"446":3,"448":2,"450":2,"458":6,"459":6,"461":6,"462":5,"464":2,"471":5,"473":3,"474":3,"475":3,"482":4,"483":2,"484":1,"486":2,"494":4,"495":4,"498":4,"499":4,"500":4,"508":4,"509":4,"512":4,"513":4,"528":10,"529":10,"531":10,"532":5,"533":4,"535":5,"538":10,"551":14,"552":14,"554":14,"556":14,"557":6,"558":6,"561":6,"562":6,"565":14,"573":19,"574":19,"576":19,"577":2,"580":17,"582":17,"583":6,"584":6,"587":17,"589":17,"604":18,"605":18,"610":12,"613":6,"614":6,"629":7,"640":1,"641":1,"642":1,"643":1,"650":3,"651":2,"652":2,"660":2,"662":2,"664":2,"666":0,"669":0,"670":0,"673":0,"676":0,"679":0,"682":0,"685":0,"688":2,"695":2,"697":1,"706":1,"713":3,"715":2,"722":3,"729":4,"736":2,"743":2,"745":1,"752":1,"759":1,"766":1,"773":41,"780":8},"path":"/Users/pia/Documents/GitHub/wncg-staking/contracts/StakingRewards.sol","s":{"1":48,"2":15,"3":14,"4":11,"5":11,"6":11,"7":5,"8":5,"9":6,"10":5,"11":4,"12":3,"13":2,"14":1,"15":2,"16":1,"17":1,"18":2,"19":6,"20":5,"21":4,"22":4,"23":1,"24":4,"25":4,"26":4,"27":3,"28":3,"29":3,"30":3,"31":4,"32":2,"33":1,"34":1,"35":1,"36":1,"37":1,"38":11,"39":10,"40":7,"41":7,"42":0,"43":7,"44":7,"45":7,"46":6,"47":4,"48":4,"49":4,"50":4,"51":4,"52":4,"53":4,"54":4,"55":4,"56":4,"57":4,"58":2,"59":2,"60":5,"61":5,"62":5,"63":0,"64":0,"65":0,"66":0,"67":0,"68":0,"69":3,"70":2,"71":6,"72":6,"73":5,"74":2,"75":5,"76":3,"77":3,"78":3,"79":4,"80":2,"81":1,"82":2,"83":4,"84":4,"85":4,"86":4,"87":4,"88":4,"89":4,"90":4,"91":4,"92":10,"93":10,"94":10,"95":5,"96":5,"97":10,"98":14,"99":14,"100":14,"101":14,"102":6,"103":6,"104":14,"105":19,"106":19,"107":19,"108":2,"109":17,"110":17,"111":6,"112":17,"113":18,"114":18,"115":12,"116":6,"117":6,"118":7,"119":1,"120":1,"121":1,"122":3,"123":2,"124":2,"125":2,"126":2,"127":2,"128":0,"129":0,"130":0,"131":0,"132":0,"133":0,"134":2,"135":2,"136":1,"137":1,"138":3,"139":2,"140":3,"141":4,"142":2,"143":2,"144":1,"145":1,"146":1,"147":1,"148":41,"149":8},"b":{"1":[23,0],"2":[35,13],"3":[15,1],"4":[14,1],"5":[11,3],"6":[5,2],"7":[6,1],"8":[5,1],"9":[4,1],"10":[3,1],"11":[2,1],"12":[1,1],"13":[2,3],"14":[1,2],"15":[1,2],"16":[2,1],"17":[5,1],"18":[4,1],"19":[1,3],"20":[3,1],"21":[2,2],"22":[1,1],"23":[1,0],"24":[10,1],"25":[7,3],"26":[7,0],"27":[0,7],"28":[6,1],"29":[4,2],"30":[0,4],"31":[2,2],"32":[4,0],"33":[2,2],"34":[5,0],"35":[0,0],"36":[0,0],"37":[0,0],"38":[2,1],"39":[4,2],"40":[3,2],"41":[1,1],"42":[4,0],"43":[4,0],"44":[4,0],"45":[4,0],"46":[5,5],"47":[4,1],"48":[6,8],"49":[6,0],"50":[2,17],"51":[6,11],"52":[12,6],"53":[8,4],"54":[4,0],"55":[2,1],"56":[0,2],"57":[1,1],"58":[2,1],"59":[1,1]},"f":{"1":23,"2":48,"3":15,"4":5,"5":6,"6":3,"7":2,"8":1,"9":1,"10":2,"11":6,"12":4,"13":11,"14":5,"15":3,"16":6,"17":5,"18":4,"19":4,"20":4,"21":10,"22":14,"23":19,"24":18,"25":7,"26":1,"27":3,"28":2,"29":2,"30":1,"31":3,"32":3,"33":4,"34":2,"35":2,"36":1,"37":1,"38":1,"39":41,"40":8},"fnMap":{"1":{"name":"initialize","line":141,"loc":{"start":{"line":133,"column":2},"end":{"line":159,"column":2}}},"2":{"name":"onlyOperator","line":161,"loc":{"start":{"line":161,"column":2},"end":{"line":164,"column":2}}},"3":{"name":"enableBalRewardPool","line":176,"loc":{"start":{"line":172,"column":2},"end":{"line":194,"column":2}}},"4":{"name":"configEmissionPerSecond","line":202,"loc":{"start":{"line":200,"column":2},"end":{"line":207,"column":2}}},"5":{"name":"configCooldownSecondAndUnstakeWindow","line":217,"loc":{"start":{"line":214,"column":2},"end":{"line":225,"column":2}}},"6":{"name":"configFees","line":235,"loc":{"start":{"line":232,"column":2},"end":{"line":243,"column":2}}},"7":{"name":"changeOperator","line":251,"loc":{"start":{"line":249,"column":2},"end":{"line":254,"column":2}}},"8":{"name":"changeRewardsVault","line":262,"loc":{"start":{"line":260,"column":2},"end":{"line":265,"column":2}}},"9":{"name":"changeBalOperationVault","line":273,"loc":{"start":{"line":271,"column":2},"end":{"line":276,"column":2}}},"10":{"name":"changePauseStaking","line":284,"loc":{"start":{"line":282,"column":2},"end":{"line":287,"column":2}}},"11":{"name":"stake","line":293,"loc":{"start":{"line":293,"column":2},"end":{"line":320,"column":2}}},"12":{"name":"transferStakedBalanceToBalRewardPool","line":325,"loc":{"start":{"line":325,"column":2},"end":{"line":339,"column":2}}},"13":{"name":"withdraw","line":346,"loc":{"start":{"line":346,"column":2},"end":{"line":393,"column":2}}},"14":{"name":"getNextCooldownTimestamp","line":409,"loc":{"start":{"line":409,"column":2},"end":{"line":439,"column":2}}},"15":{"name":"cooldown","line":445,"loc":{"start":{"line":445,"column":2},"end":{"line":451,"column":2}}},"16":{"name":"claimTokenRewards","line":457,"loc":{"start":{"line":457,"column":2},"end":{"line":465,"column":2}}},"17":{"name":"claimBALRewards","line":470,"loc":{"start":{"line":470,"column":2},"end":{"line":476,"column":2}}},"18":{"name":"claimAllRewards","line":481,"loc":{"start":{"line":481,"column":2},"end":{"line":487,"column":2}}},"19":{"name":"stakeToBalRewardPool","line":493,"loc":{"start":{"line":493,"column":2},"end":{"line":501,"column":2}}},"20":{"name":"withdrawFromBalRewardPool","line":507,"loc":{"start":{"line":507,"column":2},"end":{"line":514,"column":2}}},"21":{"name":"updateCurrentUnclaimedRewards","line":523,"loc":{"start":{"line":523,"column":2},"end":{"line":539,"column":2}}},"22":{"name":"updateUserAssetInternal","line":547,"loc":{"start":{"line":547,"column":2},"end":{"line":566,"column":2}}},"23":{"name":"updateAssetStateInternal","line":572,"loc":{"start":{"line":572,"column":2},"end":{"line":590,"column":2}}},"24":{"name":"getAssetIndex","line":599,"loc":{"start":{"line":599,"column":2},"end":{"line":615,"column":2}}},"25":{"name":"getRewards","line":624,"loc":{"start":{"line":624,"column":2},"end":{"line":630,"column":2}}},"26":{"name":"getUnclaimedRewards","line":637,"loc":{"start":{"line":637,"column":2},"end":{"line":644,"column":2}}},"27":{"name":"earmarkRewards","line":649,"loc":{"start":{"line":649,"column":2},"end":{"line":653,"column":2}}},"28":{"name":"_earmarkRewards","line":659,"loc":{"start":{"line":659,"column":2},"end":{"line":689,"column":2}}},"29":{"name":"processIdleRewards","line":694,"loc":{"start":{"line":694,"column":2},"end":{"line":698,"column":2}}},"30":{"name":"earnedTokenRewards","line":705,"loc":{"start":{"line":705,"column":2},"end":{"line":707,"column":2}}},"31":{"name":"earnedBALRewards","line":712,"loc":{"start":{"line":712,"column":2},"end":{"line":716,"column":2}}},"32":{"name":"totalStaked","line":721,"loc":{"start":{"line":721,"column":2},"end":{"line":723,"column":2}}},"33":{"name":"stakedTokenBalance","line":728,"loc":{"start":{"line":728,"column":2},"end":{"line":730,"column":2}}},"34":{"name":"getEmissionPerSec","line":735,"loc":{"start":{"line":735,"column":2},"end":{"line":737,"column":2}}},"35":{"name":"getBALRewardRate","line":742,"loc":{"start":{"line":742,"column":2},"end":{"line":746,"column":2}}},"36":{"name":"getCurrentBlockTimestamp","line":751,"loc":{"start":{"line":751,"column":2},"end":{"line":753,"column":2}}},"37":{"name":"getCooldownEndTimestamp","line":758,"loc":{"start":{"line":758,"column":2},"end":{"line":760,"column":2}}},"38":{"name":"getWithdrawEndTimestamp","line":765,"loc":{"start":{"line":765,"column":2},"end":{"line":767,"column":2}}},"39":{"name":"useBalRewardPool","line":772,"loc":{"start":{"line":772,"column":2},"end":{"line":774,"column":2}}},"40":{"name":"transferableBalanceToBalRewardPool","line":779,"loc":{"start":{"line":779,"column":2},"end":{"line":781,"column":2}}}},"statementMap":{"1":{"start":{"line":162,"column":4},"end":{"line":162,"column":51}},"2":{"start":{"line":177,"column":5},"end":{"line":177,"column":51}},"3":{"start":{"line":178,"column":5},"end":{"line":178,"column":116}},"4":{"start":{"line":186,"column":4},"end":{"line":186,"column":41}},"5":{"start":{"line":187,"column":4},"end":{"line":187,"column":57}},"6":{"start":{"line":189,"column":4},"end":{"line":189,"column":6745}},"7":{"start":{"line":203,"column":4},"end":{"line":203,"column":29}},"8":{"start":{"line":206,"column":4},"end":{"line":206,"column":53}},"9":{"start":{"line":218,"column":4},"end":{"line":218,"column":52}},"10":{"start":{"line":219,"column":4},"end":{"line":219,"column":48}},"11":{"start":{"line":224,"column":4},"end":{"line":224,"column":80}},"12":{"start":{"line":236,"column":4},"end":{"line":236,"column":99}},"13":{"start":{"line":237,"column":4},"end":{"line":237,"column":83}},"14":{"start":{"line":242,"column":4},"end":{"line":242,"column":54}},"15":{"start":{"line":253,"column":4},"end":{"line":253,"column":41}},"16":{"start":{"line":264,"column":4},"end":{"line":264,"column":43}},"17":{"start":{"line":275,"column":4},"end":{"line":275,"column":53}},"18":{"start":{"line":286,"column":4},"end":{"line":286,"column":43}},"19":{"start":{"line":294,"column":4},"end":{"line":294,"column":44}},"20":{"start":{"line":295,"column":4},"end":{"line":295,"column":47}},"21":{"start":{"line":297,"column":4},"end":{"line":297,"column":86}},"22":{"start":{"line":298,"column":4},"end":{"line":298,"column":9767}},"23":{"start":{"line":300,"column":6},"end":{"line":300,"column":53}},"24":{"start":{"line":308,"column":4},"end":{"line":308,"column":87}},"25":{"start":{"line":309,"column":4},"end":{"line":309,"column":36}},"26":{"start":{"line":311,"column":4},"end":{"line":311,"column":10329}},"27":{"start":{"line":313,"column":6},"end":{"line":313,"column":35}},"28":{"start":{"line":314,"column":6},"end":{"line":314,"column":53}},"29":{"start":{"line":317,"column":6},"end":{"line":317,"column":34}},"30":{"start":{"line":318,"column":6},"end":{"line":318,"column":52}},"31":{"start":{"line":326,"column":4},"end":{"line":326,"column":50}},"32":{"start":{"line":327,"column":4},"end":{"line":327,"column":58}},"33":{"start":{"line":329,"column":4},"end":{"line":329,"column":67}},"34":{"start":{"line":330,"column":4},"end":{"line":330,"column":53}},"35":{"start":{"line":333,"column":4},"end":{"line":333,"column":32}},"36":{"start":{"line":336,"column":4},"end":{"line":336,"column":31}},"37":{"start":{"line":338,"column":4},"end":{"line":338,"column":68}},"38":{"start":{"line":347,"column":4},"end":{"line":347,"column":47}},"39":{"start":{"line":348,"column":4},"end":{"line":348,"column":58}},"40":{"start":{"line":350,"column":4},"end":{"line":350,"column":11648}},"41":{"start":{"line":351,"column":6},"end":{"line":351,"column":11682}},"42":{"start":{"line":352,"column":8},"end":{"line":352,"column":45}},"43":{"start":{"line":356,"column":4},"end":{"line":356,"column":58}},"44":{"start":{"line":357,"column":4},"end":{"line":357,"column":79}},"45":{"start":{"line":359,"column":4},"end":{"line":359,"column":75}},"46":{"start":{"line":360,"column":4},"end":{"line":360,"column":98}},"47":{"start":{"line":362,"column":4},"end":{"line":362,"column":96}},"48":{"start":{"line":364,"column":4},"end":{"line":364,"column":72}},"49":{"start":{"line":369,"column":4},"end":{"line":369,"column":12448}},"50":{"start":{"line":373,"column":4},"end":{"line":373,"column":12525}},"51":{"start":{"line":375,"column":6},"end":{"line":375,"column":48}},"52":{"start":{"line":376,"column":6},"end":{"line":376,"column":63}},"53":{"start":{"line":379,"column":6},"end":{"line":379,"column":45}},"54":{"start":{"line":380,"column":6},"end":{"line":380,"column":67}},"55":{"start":{"line":384,"column":4},"end":{"line":384,"column":77}},"56":{"start":{"line":385,"column":4},"end":{"line":385,"column":48}},"57":{"start":{"line":388,"column":4},"end":{"line":388,"column":13095}},"58":{"start":{"line":389,"column":6},"end":{"line":389,"column":22}},"59":{"start":{"line":392,"column":4},"end":{"line":392,"column":15}},"60":{"start":{"line":415,"column":4},"end":{"line":415,"column":55}},"61":{"start":{"line":416,"column":4},"end":{"line":416,"column":14192}},"62":{"start":{"line":417,"column":6},"end":{"line":417,"column":14}},"63":{"start":{"line":420,"column":4},"end":{"line":420,"column":101}},"64":{"start":{"line":422,"column":4},"end":{"line":422,"column":14355}},"65":{"start":{"line":425,"column":6},"end":{"line":425,"column":14494}},"66":{"start":{"line":430,"column":6},"end":{"line":430,"column":14623}},"67":{"start":{"line":431,"column":8},"end":{"line":431,"column":34}},"68":{"start":{"line":438,"column":4},"end":{"line":438,"column":30}},"69":{"start":{"line":446,"column":4},"end":{"line":446,"column":68}},"70":{"start":{"line":450,"column":4},"end":{"line":450,"column":29}},"71":{"start":{"line":458,"column":4},"end":{"line":458,"column":100}},"72":{"start":{"line":459,"column":4},"end":{"line":459,"column":86}},"73":{"start":{"line":462,"column":4},"end":{"line":462,"column":74}},"74":{"start":{"line":464,"column":4},"end":{"line":464,"column":56}},"75":{"start":{"line":471,"column":4},"end":{"line":471,"column":68}},"76":{"start":{"line":473,"column":4},"end":{"line":473,"column":78}},"77":{"start":{"line":474,"column":4},"end":{"line":474,"column":56}},"78":{"start":{"line":475,"column":4},"end":{"line":475,"column":54}},"79":{"start":{"line":482,"column":4},"end":{"line":482,"column":39}},"80":{"start":{"line":483,"column":4},"end":{"line":483,"column":16403}},"81":{"start":{"line":484,"column":6},"end":{"line":484,"column":22}},"82":{"start":{"line":486,"column":4},"end":{"line":486,"column":38}},"83":{"start":{"line":494,"column":4},"end":{"line":494,"column":74}},"84":{"start":{"line":495,"column":4},"end":{"line":495,"column":68}},"85":{"start":{"line":498,"column":4},"end":{"line":498,"column":65}},"86":{"start":{"line":499,"column":4},"end":{"line":499,"column":78}},"87":{"start":{"line":500,"column":4},"end":{"line":500,"column":64}},"88":{"start":{"line":508,"column":4},"end":{"line":508,"column":68}},"89":{"start":{"line":509,"column":4},"end":{"line":509,"column":74}},"90":{"start":{"line":512,"column":4},"end":{"line":512,"column":67}},"91":{"start":{"line":513,"column":4},"end":{"line":513,"column":65}},"92":{"start":{"line":528,"column":4},"end":{"line":528,"column":73}},"93":{"start":{"line":529,"column":4},"end":{"line":529,"column":72}},"94":{"start":{"line":531,"column":4},"end":{"line":531,"column":18242}},"95":{"start":{"line":532,"column":6},"end":{"line":532,"column":18277}},"96":{"start":{"line":535,"column":6},"end":{"line":535,"column":48}},"97":{"start":{"line":538,"column":4},"end":{"line":538,"column":27}},"98":{"start":{"line":551,"column":4},"end":{"line":551,"column":46}},"99":{"start":{"line":552,"column":4},"end":{"line":552,"column":30}},"100":{"start":{"line":554,"column":4},"end":{"line":554,"column":49}},"101":{"start":{"line":556,"column":4},"end":{"line":556,"column":18974}},"102":{"start":{"line":557,"column":6},"end":{"line":557,"column":19011}},"103":{"start":{"line":562,"column":6},"end":{"line":562,"column":44}},"104":{"start":{"line":565,"column":4},"end":{"line":565,"column":25}},"105":{"start":{"line":573,"column":4},"end":{"line":573,"column":38}},"106":{"start":{"line":574,"column":4},"end":{"line":574,"column":63}},"107":{"start":{"line":576,"column":4},"end":{"line":576,"column":19568}},"108":{"start":{"line":577,"column":6},"end":{"line":577,"column":21}},"109":{"start":{"line":580,"column":4},"end":{"line":580,"column":96}},"110":{"start":{"line":582,"column":4},"end":{"line":582,"column":19747}},"111":{"start":{"line":584,"column":6},"end":{"line":584,"column":38}},"112":{"start":{"line":589,"column":4},"end":{"line":589,"column":19}},"113":{"start":{"line":604,"column":4},"end":{"line":604,"column":46}},"114":{"start":{"line":605,"column":4},"end":{"line":605,"column":20548}},"115":{"start":{"line":610,"column":6},"end":{"line":610,"column":26}},"116":{"start":{"line":613,"column":4},"end":{"line":613,"column":66}},"117":{"start":{"line":614,"column":4},"end":{"line":614,"column":108}},"118":{"start":{"line":629,"column":4},"end":{"line":629,"column":95}},"119":{"start":{"line":640,"column":4},"end":{"line":640,"column":30}},"120":{"start":{"line":641,"column":4},"end":{"line":641,"column":115}},"121":{"start":{"line":643,"column":4},"end":{"line":643,"column":25}},"122":{"start":{"line":650,"column":4},"end":{"line":650,"column":50}},"123":{"start":{"line":651,"column":4},"end":{"line":651,"column":20}},"124":{"start":{"line":652,"column":4},"end":{"line":652,"column":15}},"125":{"start":{"line":660,"column":4},"end":{"line":660,"column":63}},"126":{"start":{"line":662,"column":4},"end":{"line":662,"column":71}},"127":{"start":{"line":664,"column":4},"end":{"line":664,"column":22652}},"128":{"start":{"line":666,"column":6},"end":{"line":666,"column":83}},"129":{"start":{"line":669,"column":6},"end":{"line":669,"column":68}},"130":{"start":{"line":673,"column":6},"end":{"line":673,"column":66}},"131":{"start":{"line":679,"column":6},"end":{"line":679,"column":68}},"132":{"start":{"line":682,"column":6},"end":{"line":682,"column":68}},"133":{"start":{"line":685,"column":6},"end":{"line":685,"column":63}},"134":{"start":{"line":688,"column":4},"end":{"line":688,"column":46}},"135":{"start":{"line":695,"column":4},"end":{"line":695,"column":50}},"136":{"start":{"line":697,"column":4},"end":{"line":697,"column":55}},"137":{"start":{"line":706,"column":4},"end":{"line":706,"column":64}},"138":{"start":{"line":713,"column":4},"end":{"line":713,"column":68}},"139":{"start":{"line":715,"column":4},"end":{"line":715,"column":56}},"140":{"start":{"line":722,"column":4},"end":{"line":722,"column":22}},"141":{"start":{"line":729,"column":4},"end":{"line":729,"column":26}},"142":{"start":{"line":736,"column":4},"end":{"line":736,"column":38}},"143":{"start":{"line":743,"column":4},"end":{"line":743,"column":68}},"144":{"start":{"line":745,"column":4},"end":{"line":745,"column":58}},"145":{"start":{"line":752,"column":4},"end":{"line":752,"column":26}},"146":{"start":{"line":759,"column":4},"end":{"line":759,"column":49}},"147":{"start":{"line":766,"column":4},"end":{"line":766,"column":69}},"148":{"start":{"line":773,"column":4},"end":{"line":773,"column":30}},"149":{"start":{"line":780,"column":4},"end":{"line":780,"column":80}}},"branchMap":{"1":{"line":141,"type":"if","locations":[{"start":{"line":141,"column":13},"end":{"line":141,"column":13}},{"start":{"line":141,"column":13},"end":{"line":141,"column":13}}]},"2":{"line":162,"type":"if","locations":[{"start":{"line":162,"column":4},"end":{"line":162,"column":4}},{"start":{"line":162,"column":4},"end":{"line":162,"column":4}}]},"3":{"line":176,"type":"if","locations":[{"start":{"line":176,"column":13},"end":{"line":176,"column":13}},{"start":{"line":176,"column":13},"end":{"line":176,"column":13}}]},"4":{"line":177,"type":"if","locations":[{"start":{"line":177,"column":5},"end":{"line":177,"column":5}},{"start":{"line":177,"column":5},"end":{"line":177,"column":5}}]},"5":{"line":178,"type":"if","locations":[{"start":{"line":178,"column":5},"end":{"line":178,"column":5}},{"start":{"line":178,"column":5},"end":{"line":178,"column":5}}]},"6":{"line":202,"type":"if","locations":[{"start":{"line":202,"column":13},"end":{"line":202,"column":13}},{"start":{"line":202,"column":13},"end":{"line":202,"column":13}}]},"7":{"line":217,"type":"if","locations":[{"start":{"line":217,"column":13},"end":{"line":217,"column":13}},{"start":{"line":217,"column":13},"end":{"line":217,"column":13}}]},"8":{"line":218,"type":"if","locations":[{"start":{"line":218,"column":4},"end":{"line":218,"column":4}},{"start":{"line":218,"column":4},"end":{"line":218,"column":4}}]},"9":{"line":219,"type":"if","locations":[{"start":{"line":219,"column":4},"end":{"line":219,"column":4}},{"start":{"line":219,"column":4},"end":{"line":219,"column":4}}]},"10":{"line":235,"type":"if","locations":[{"start":{"line":235,"column":13},"end":{"line":235,"column":13}},{"start":{"line":235,"column":13},"end":{"line":235,"column":13}}]},"11":{"line":236,"type":"if","locations":[{"start":{"line":236,"column":4},"end":{"line":236,"column":4}},{"start":{"line":236,"column":4},"end":{"line":236,"column":4}}]},"12":{"line":237,"type":"if","locations":[{"start":{"line":237,"column":4},"end":{"line":237,"column":4}},{"start":{"line":237,"column":4},"end":{"line":237,"column":4}}]},"13":{"line":251,"type":"if","locations":[{"start":{"line":251,"column":13},"end":{"line":251,"column":13}},{"start":{"line":251,"column":13},"end":{"line":251,"column":13}}]},"14":{"line":262,"type":"if","locations":[{"start":{"line":262,"column":13},"end":{"line":262,"column":13}},{"start":{"line":262,"column":13},"end":{"line":262,"column":13}}]},"15":{"line":273,"type":"if","locations":[{"start":{"line":273,"column":13},"end":{"line":273,"column":13}},{"start":{"line":273,"column":13},"end":{"line":273,"column":13}}]},"16":{"line":284,"type":"if","locations":[{"start":{"line":284,"column":13},"end":{"line":284,"column":13}},{"start":{"line":284,"column":13},"end":{"line":284,"column":13}}]},"17":{"line":294,"type":"if","locations":[{"start":{"line":294,"column":4},"end":{"line":294,"column":4}},{"start":{"line":294,"column":4},"end":{"line":294,"column":4}}]},"18":{"line":295,"type":"if","locations":[{"start":{"line":295,"column":4},"end":{"line":295,"column":4}},{"start":{"line":295,"column":4},"end":{"line":295,"column":4}}]},"19":{"line":298,"type":"if","locations":[{"start":{"line":298,"column":4},"end":{"line":298,"column":4}},{"start":{"line":298,"column":4},"end":{"line":298,"column":4}}]},"20":{"line":311,"type":"if","locations":[{"start":{"line":311,"column":4},"end":{"line":311,"column":4}},{"start":{"line":311,"column":4},"end":{"line":311,"column":4}}]},"21":{"line":326,"type":"if","locations":[{"start":{"line":326,"column":4},"end":{"line":326,"column":4}},{"start":{"line":326,"column":4},"end":{"line":326,"column":4}}]},"22":{"line":327,"type":"if","locations":[{"start":{"line":327,"column":4},"end":{"line":327,"column":4}},{"start":{"line":327,"column":4},"end":{"line":327,"column":4}}]},"23":{"line":330,"type":"if","locations":[{"start":{"line":330,"column":4},"end":{"line":330,"column":4}},{"start":{"line":330,"column":4},"end":{"line":330,"column":4}}]},"24":{"line":347,"type":"if","locations":[{"start":{"line":347,"column":4},"end":{"line":347,"column":4}},{"start":{"line":347,"column":4},"end":{"line":347,"column":4}}]},"25":{"line":348,"type":"if","locations":[{"start":{"line":348,"column":4},"end":{"line":348,"column":4}},{"start":{"line":348,"column":4},"end":{"line":348,"column":4}}]},"26":{"line":350,"type":"if","locations":[{"start":{"line":350,"column":4},"end":{"line":350,"column":4}},{"start":{"line":350,"column":4},"end":{"line":350,"column":4}}]},"27":{"line":351,"type":"if","locations":[{"start":{"line":351,"column":6},"end":{"line":351,"column":6}},{"start":{"line":351,"column":6},"end":{"line":351,"column":6}}]},"28":{"line":359,"type":"if","locations":[{"start":{"line":359,"column":4},"end":{"line":359,"column":4}},{"start":{"line":359,"column":4},"end":{"line":359,"column":4}}]},"29":{"line":360,"type":"if","locations":[{"start":{"line":360,"column":4},"end":{"line":360,"column":4}},{"start":{"line":360,"column":4},"end":{"line":360,"column":4}}]},"30":{"line":362,"type":"if","locations":[{"start":{"line":362,"column":66},"end":{"line":362,"column":85}},{"start":{"line":362,"column":89},"end":{"line":362,"column":95}}]},"31":{"line":369,"type":"if","locations":[{"start":{"line":369,"column":4},"end":{"line":369,"column":4}},{"start":{"line":369,"column":4},"end":{"line":369,"column":4}}]},"32":{"line":373,"type":"if","locations":[{"start":{"line":373,"column":4},"end":{"line":373,"column":4}},{"start":{"line":373,"column":4},"end":{"line":373,"column":4}}]},"33":{"line":388,"type":"if","locations":[{"start":{"line":388,"column":4},"end":{"line":388,"column":4}},{"start":{"line":388,"column":4},"end":{"line":388,"column":4}}]},"34":{"line":416,"type":"if","locations":[{"start":{"line":416,"column":4},"end":{"line":416,"column":4}},{"start":{"line":416,"column":4},"end":{"line":416,"column":4}}]},"35":{"line":422,"type":"if","locations":[{"start":{"line":422,"column":4},"end":{"line":422,"column":4}},{"start":{"line":422,"column":4},"end":{"line":422,"column":4}}]},"36":{"line":427,"type":"if","locations":[{"start":{"line":427,"column":12},"end":{"line":427,"column":26}},{"start":{"line":428,"column":12},"end":{"line":428,"column":33}}]},"37":{"line":430,"type":"if","locations":[{"start":{"line":430,"column":6},"end":{"line":430,"column":6}},{"start":{"line":430,"column":6},"end":{"line":430,"column":6}}]},"38":{"line":446,"type":"if","locations":[{"start":{"line":446,"column":4},"end":{"line":446,"column":4}},{"start":{"line":446,"column":4},"end":{"line":446,"column":4}}]},"39":{"line":459,"type":"if","locations":[{"start":{"line":459,"column":61},"end":{"line":459,"column":75}},{"start":{"line":459,"column":79},"end":{"line":459,"column":85}}]},"40":{"line":471,"type":"if","locations":[{"start":{"line":471,"column":4},"end":{"line":471,"column":4}},{"start":{"line":471,"column":4},"end":{"line":471,"column":4}}]},"41":{"line":483,"type":"if","locations":[{"start":{"line":483,"column":4},"end":{"line":483,"column":4}},{"start":{"line":483,"column":4},"end":{"line":483,"column":4}}]},"42":{"line":494,"type":"if","locations":[{"start":{"line":494,"column":4},"end":{"line":494,"column":4}},{"start":{"line":494,"column":4},"end":{"line":494,"column":4}}]},"43":{"line":495,"type":"if","locations":[{"start":{"line":495,"column":4},"end":{"line":495,"column":4}},{"start":{"line":495,"column":4},"end":{"line":495,"column":4}}]},"44":{"line":508,"type":"if","locations":[{"start":{"line":508,"column":4},"end":{"line":508,"column":4}},{"start":{"line":508,"column":4},"end":{"line":508,"column":4}}]},"45":{"line":509,"type":"if","locations":[{"start":{"line":509,"column":4},"end":{"line":509,"column":4}},{"start":{"line":509,"column":4},"end":{"line":509,"column":4}}]},"46":{"line":531,"type":"if","locations":[{"start":{"line":531,"column":4},"end":{"line":531,"column":4}},{"start":{"line":531,"column":4},"end":{"line":531,"column":4}}]},"47":{"line":532,"type":"if","locations":[{"start":{"line":532,"column":6},"end":{"line":532,"column":6}},{"start":{"line":532,"column":6},"end":{"line":532,"column":6}}]},"48":{"line":556,"type":"if","locations":[{"start":{"line":556,"column":4},"end":{"line":556,"column":4}},{"start":{"line":556,"column":4},"end":{"line":556,"column":4}}]},"49":{"line":557,"type":"if","locations":[{"start":{"line":557,"column":6},"end":{"line":557,"column":6}},{"start":{"line":557,"column":6},"end":{"line":557,"column":6}}]},"50":{"line":576,"type":"if","locations":[{"start":{"line":576,"column":4},"end":{"line":576,"column":4}},{"start":{"line":576,"column":4},"end":{"line":576,"column":4}}]},"51":{"line":582,"type":"if","locations":[{"start":{"line":582,"column":4},"end":{"line":582,"column":4}},{"start":{"line":582,"column":4},"end":{"line":582,"column":4}}]},"52":{"line":605,"type":"if","locations":[{"start":{"line":605,"column":4},"end":{"line":605,"column":4}},{"start":{"line":605,"column":4},"end":{"line":605,"column":4}}]},"53":{"line":606,"type":"cond-expr","locations":[{"start":{"line":606,"column":6},"end":{"line":606,"column":28}},{"start":{"line":607,"column":6},"end":{"line":607,"column":21}}]},"54":{"line":606,"type":"cond-expr","locations":[{"start":{"line":606,"column":6},"end":{"line":607,"column":21}},{"start":{"line":608,"column":6},"end":{"line":608,"column":45}}]},"55":{"line":650,"type":"if","locations":[{"start":{"line":650,"column":4},"end":{"line":650,"column":4}},{"start":{"line":650,"column":4},"end":{"line":650,"column":4}}]},"56":{"line":664,"type":"if","locations":[{"start":{"line":664,"column":4},"end":{"line":664,"column":4}},{"start":{"line":664,"column":4},"end":{"line":664,"column":4}}]},"57":{"line":695,"type":"if","locations":[{"start":{"line":695,"column":4},"end":{"line":695,"column":4}},{"start":{"line":695,"column":4},"end":{"line":695,"column":4}}]},"58":{"line":713,"type":"if","locations":[{"start":{"line":713,"column":4},"end":{"line":713,"column":4}},{"start":{"line":713,"column":4},"end":{"line":713,"column":4}}]},"59":{"line":743,"type":"if","locations":[{"start":{"line":743,"column":4},"end":{"line":743,"column":4}},{"start":{"line":743,"column":4},"end":{"line":743,"column":4}}]}}}}